2025-12-06 18:47:39,428 - pipeline.event_logger - INFO - Event enqueued - Stage: ingest, Event ID: 1765068459428, Signal Type: market_signal
2025-12-06 18:47:39,428 - pipeline.event_logger - INFO - Event enqueued - Stage: ingest, Event ID: 1765068459429, Signal Type: market_signal
2025-12-06 18:47:39,428 - pipeline.event_logger - INFO - Event enqueued - Stage: ingest, Event ID: 1765068459430, Signal Type: field_interaction
2025-12-06 18:47:39,428 - pipeline.event_logger - INFO - Event enqueued - Stage: ingest, Event ID: 1765068459431, Signal Type: sales_activity
2025-12-06 18:47:39,428 - pipeline.event_logger - INFO - Event enqueued - Stage: ingest, Event ID: 1765068459432, Signal Type: market_signal
2025-12-06 18:47:39,428 - pipeline.event_logger - INFO - Event enqueued - Stage: ingest, Event ID: 1765068459433, Signal Type: sales_activity
2025-12-06 18:47:39,428 - pipeline.event_logger - INFO - Event enqueued - Stage: ingest, Event ID: 1765068459434, Signal Type: market_signal
2025-12-06 18:47:39,428 - pipeline.event_logger - INFO - Event enqueued - Stage: ingest, Event ID: 1765068459435, Signal Type: sales_activity
2025-12-06 18:47:39,428 - pipeline.event_logger - INFO - Event enqueued - Stage: ingest, Event ID: 1765068459436, Signal Type: sales_activity
2025-12-06 18:47:39,428 - pipeline.event_logger - INFO - Event enqueued - Stage: ingest, Event ID: 1765068459437, Signal Type: sales_activity
2025-12-06 18:47:39,428 - pipeline.event_logger - INFO - Event enqueued - Stage: ingest, Event ID: 1765068459438, Signal Type: field_interaction
2025-12-06 18:47:39,428 - pipeline.event_logger - INFO - Event enqueued - Stage: ingest, Event ID: 1765068459439, Signal Type: field_interaction
2025-12-06 18:47:39,428 - pipeline.event_logger - INFO - Event enqueued - Stage: ingest, Event ID: 1765068459440, Signal Type: field_interaction
2025-12-06 18:47:39,428 - pipeline.event_logger - INFO - Event enqueued - Stage: ingest, Event ID: 1765068459441, Signal Type: field_interaction
2025-12-06 18:47:39,428 - pipeline.event_logger - INFO - Event enqueued - Stage: ingest, Event ID: 1765068459442, Signal Type: sales_activity
2025-12-06 18:47:39,428 - pipeline.event_logger - INFO - Event enqueued - Stage: ingest, Event ID: 1765068459443, Signal Type: market_signal
2025-12-06 18:47:39,428 - pipeline.event_logger - INFO - Event enqueued - Stage: ingest, Event ID: 1765068459444, Signal Type: field_interaction
2025-12-06 18:47:39,428 - pipeline.event_logger - INFO - Event enqueued - Stage: ingest, Event ID: 1765068459445, Signal Type: field_interaction
2025-12-06 18:47:39,428 - pipeline.event_logger - INFO - Event enqueued - Stage: ingest, Event ID: 1765068459446, Signal Type: sales_activity
2025-12-06 18:47:39,428 - pipeline.event_logger - INFO - Event enqueued - Stage: ingest, Event ID: 1765068459447, Signal Type: market_signal
2025-12-06 18:47:39,428 - pipeline.event_logger - INFO - Event enqueued - Stage: ingest, Event ID: 1765068459448, Signal Type: market_signal
2025-12-06 18:47:39,428 - pipeline.event_logger - INFO - Event enqueued - Stage: ingest, Event ID: 1765068459449, Signal Type: sales_activity
2025-12-06 18:47:39,428 - pipeline.event_logger - INFO - Event enqueued - Stage: ingest, Event ID: 1765068459450, Signal Type: field_interaction
2025-12-06 18:47:39,428 - pipeline.event_logger - INFO - Event enqueued - Stage: ingest, Event ID: 1765068459451, Signal Type: field_interaction
2025-12-06 18:47:39,428 - pipeline.event_logger - INFO - Event enqueued - Stage: ingest, Event ID: 1765068459452, Signal Type: field_interaction
2025-12-06 18:47:39,428 - pipeline.event_logger - INFO - Event enqueued - Stage: ingest, Event ID: 1765068459453, Signal Type: market_signal
2025-12-06 18:47:39,428 - pipeline.event_logger - INFO - Event enqueued - Stage: ingest, Event ID: 1765068459454, Signal Type: sales_activity
2025-12-06 18:47:39,428 - pipeline.event_logger - INFO - Event enqueued - Stage: ingest, Event ID: 1765068459455, Signal Type: sales_activity
2025-12-06 18:47:39,428 - pipeline.event_logger - INFO - Event enqueued - Stage: ingest, Event ID: 1765068459456, Signal Type: market_signal
2025-12-06 18:47:39,428 - pipeline.event_logger - INFO - Event enqueued - Stage: ingest, Event ID: 1765068459457, Signal Type: field_interaction
2025-12-06 18:47:39,428 - pipeline.event_logger - INFO - Event enqueued - Stage: ingest, Event ID: 1765068459458, Signal Type: market_signal
2025-12-06 18:47:39,428 - pipeline.event_logger - INFO - Event enqueued - Stage: ingest, Event ID: 1765068459459, Signal Type: market_signal
2025-12-06 18:47:39,428 - pipeline.event_logger - INFO - Event enqueued - Stage: ingest, Event ID: 1765068459460, Signal Type: field_interaction
2025-12-06 18:47:39,428 - pipeline.event_logger - INFO - Event enqueued - Stage: ingest, Event ID: 1765068459461, Signal Type: sales_activity
2025-12-06 18:47:39,428 - pipeline.event_logger - INFO - Event enqueued - Stage: ingest, Event ID: 1765068459462, Signal Type: sales_activity
2025-12-06 18:47:39,428 - pipeline.event_logger - INFO - Event enqueued - Stage: ingest, Event ID: 1765068459463, Signal Type: market_signal
2025-12-06 18:47:39,428 - pipeline.event_logger - INFO - Event enqueued - Stage: ingest, Event ID: 1765068459464, Signal Type: market_signal
2025-12-06 18:47:39,428 - pipeline.event_logger - INFO - Event enqueued - Stage: ingest, Event ID: 1765068459465, Signal Type: field_interaction
2025-12-06 18:47:39,428 - pipeline.event_logger - INFO - Event enqueued - Stage: ingest, Event ID: 1765068459466, Signal Type: field_interaction
2025-12-06 18:47:39,428 - pipeline.event_logger - INFO - Event enqueued - Stage: ingest, Event ID: 1765068459467, Signal Type: market_signal
2025-12-06 18:47:39,428 - pipeline.event_logger - INFO - Event enqueued - Stage: ingest, Event ID: 1765068459468, Signal Type: sales_activity
2025-12-06 18:47:39,428 - pipeline.event_logger - INFO - Event enqueued - Stage: ingest, Event ID: 1765068459469, Signal Type: market_signal
2025-12-06 18:47:39,428 - pipeline.event_logger - INFO - Event enqueued - Stage: ingest, Event ID: 1765068459470, Signal Type: sales_activity
2025-12-06 18:47:39,428 - pipeline.event_logger - INFO - Event enqueued - Stage: ingest, Event ID: 1765068459471, Signal Type: sales_activity
2025-12-06 18:47:39,428 - pipeline.event_logger - INFO - Event enqueued - Stage: ingest, Event ID: 1765068459472, Signal Type: field_interaction
2025-12-06 18:47:39,428 - pipeline.event_logger - INFO - Event enqueued - Stage: ingest, Event ID: 1765068459473, Signal Type: sales_activity
2025-12-06 18:47:39,428 - pipeline.event_logger - INFO - Event enqueued - Stage: ingest, Event ID: 1765068459474, Signal Type: sales_activity
2025-12-06 18:47:39,428 - pipeline.event_logger - INFO - Event enqueued - Stage: ingest, Event ID: 1765068459475, Signal Type: sales_activity
2025-12-06 18:47:39,428 - pipeline.event_logger - INFO - Event enqueued - Stage: ingest, Event ID: 1765068459476, Signal Type: sales_activity
2025-12-06 18:47:39,428 - pipeline.event_logger - INFO - Event enqueued - Stage: ingest, Event ID: 1765068459477, Signal Type: sales_activity
2025-12-06 18:47:39,428 - pipeline.event_logger - INFO - Event enqueued - Stage: ingest, Event ID: 1765068459478, Signal Type: field_interaction
2025-12-06 18:47:39,428 - pipeline.event_logger - INFO - Event enqueued - Stage: ingest, Event ID: 1765068459479, Signal Type: field_interaction
2025-12-06 18:47:39,428 - pipeline.event_logger - INFO - Event enqueued - Stage: ingest, Event ID: 1765068459480, Signal Type: market_signal
2025-12-06 18:47:39,428 - pipeline.event_logger - INFO - Event enqueued - Stage: ingest, Event ID: 1765068459481, Signal Type: sales_activity
2025-12-06 18:47:39,428 - pipeline.event_logger - INFO - Event enqueued - Stage: ingest, Event ID: 1765068459482, Signal Type: sales_activity
2025-12-06 18:47:39,428 - pipeline.event_logger - INFO - Event enqueued - Stage: ingest, Event ID: 1765068459483, Signal Type: sales_activity
2025-12-06 18:47:39,428 - pipeline.event_logger - INFO - Event enqueued - Stage: ingest, Event ID: 1765068459484, Signal Type: sales_activity
2025-12-06 18:47:39,428 - pipeline.event_logger - INFO - Event enqueued - Stage: ingest, Event ID: 1765068459485, Signal Type: sales_activity
2025-12-06 18:47:39,428 - pipeline.event_logger - INFO - Event enqueued - Stage: ingest, Event ID: 1765068459486, Signal Type: field_interaction
2025-12-06 18:47:39,428 - pipeline.event_logger - INFO - Event enqueued - Stage: ingest, Event ID: 1765068459487, Signal Type: market_signal
2025-12-06 18:47:39,428 - pipeline.event_logger - INFO - Event enqueued - Stage: ingest, Event ID: 1765068459488, Signal Type: sales_activity
2025-12-06 18:47:39,428 - pipeline.event_logger - INFO - Event enqueued - Stage: ingest, Event ID: 1765068459489, Signal Type: market_signal
2025-12-06 18:47:39,428 - pipeline.event_logger - INFO - Event enqueued - Stage: ingest, Event ID: 1765068459490, Signal Type: sales_activity
2025-12-06 18:47:39,428 - pipeline.event_logger - INFO - Event enqueued - Stage: ingest, Event ID: 1765068459491, Signal Type: sales_activity
2025-12-06 18:47:39,428 - pipeline.event_logger - INFO - Event enqueued - Stage: ingest, Event ID: 1765068459492, Signal Type: market_signal
2025-12-06 18:47:39,429 - pipeline.event_logger - INFO - Event enqueued - Stage: ingest, Event ID: 1765068459493, Signal Type: field_interaction
2025-12-06 18:47:39,429 - pipeline.event_logger - INFO - Event enqueued - Stage: ingest, Event ID: 1765068459494, Signal Type: field_interaction
2025-12-06 18:47:39,429 - pipeline.event_logger - INFO - Event enqueued - Stage: ingest, Event ID: 1765068459495, Signal Type: sales_activity
2025-12-06 18:47:39,429 - pipeline.event_logger - INFO - Event enqueued - Stage: ingest, Event ID: 1765068459496, Signal Type: sales_activity
2025-12-06 18:47:39,429 - pipeline.event_logger - INFO - Event enqueued - Stage: ingest, Event ID: 1765068459497, Signal Type: sales_activity
2025-12-06 18:47:39,429 - pipeline.event_logger - INFO - Event enqueued - Stage: ingest, Event ID: 1765068459498, Signal Type: field_interaction
2025-12-06 18:47:39,429 - pipeline.event_logger - INFO - Event enqueued - Stage: ingest, Event ID: 1765068459499, Signal Type: market_signal
2025-12-06 18:47:39,429 - pipeline.event_logger - INFO - Event enqueued - Stage: ingest, Event ID: 1765068459500, Signal Type: market_signal
2025-12-06 18:47:39,429 - pipeline.event_logger - INFO - Event enqueued - Stage: ingest, Event ID: 1765068459501, Signal Type: market_signal
2025-12-06 18:47:39,429 - pipeline.event_logger - INFO - Event enqueued - Stage: ingest, Event ID: 1765068459502, Signal Type: sales_activity
2025-12-06 18:47:39,429 - pipeline.event_logger - INFO - Event enqueued - Stage: ingest, Event ID: 1765068459503, Signal Type: market_signal
2025-12-06 18:47:39,429 - pipeline.event_logger - INFO - Event enqueued - Stage: ingest, Event ID: 1765068459504, Signal Type: field_interaction
2025-12-06 18:47:39,429 - pipeline.event_logger - INFO - Event enqueued - Stage: ingest, Event ID: 1765068459505, Signal Type: sales_activity
2025-12-06 18:47:39,429 - pipeline.event_logger - INFO - Event enqueued - Stage: ingest, Event ID: 1765068459506, Signal Type: sales_activity
2025-12-06 18:47:39,429 - pipeline.event_logger - INFO - Event enqueued - Stage: ingest, Event ID: 1765068459507, Signal Type: sales_activity
2025-12-06 18:47:39,429 - pipeline.event_logger - INFO - Event enqueued - Stage: ingest, Event ID: 1765068459508, Signal Type: sales_activity
2025-12-06 18:47:39,429 - pipeline.event_logger - INFO - Event enqueued - Stage: ingest, Event ID: 1765068459509, Signal Type: sales_activity
2025-12-06 18:47:39,429 - pipeline.event_logger - INFO - Event enqueued - Stage: ingest, Event ID: 1765068459510, Signal Type: market_signal
2025-12-06 18:47:39,429 - pipeline.event_logger - INFO - Event enqueued - Stage: ingest, Event ID: 1765068459511, Signal Type: market_signal
2025-12-06 18:47:39,429 - pipeline.event_logger - INFO - Event enqueued - Stage: ingest, Event ID: 1765068459512, Signal Type: field_interaction
2025-12-06 18:47:39,429 - pipeline.event_logger - INFO - Event enqueued - Stage: ingest, Event ID: 1765068459513, Signal Type: sales_activity
2025-12-06 18:47:39,429 - pipeline.event_logger - INFO - Event enqueued - Stage: ingest, Event ID: 1765068459514, Signal Type: market_signal
2025-12-06 18:47:39,429 - pipeline.event_logger - INFO - Event enqueued - Stage: ingest, Event ID: 1765068459515, Signal Type: market_signal
2025-12-06 18:47:39,429 - pipeline.event_logger - INFO - Event enqueued - Stage: ingest, Event ID: 1765068459516, Signal Type: market_signal
2025-12-06 18:47:39,429 - pipeline.event_logger - INFO - Event enqueued - Stage: ingest, Event ID: 1765068459517, Signal Type: field_interaction
2025-12-06 18:47:39,429 - pipeline.event_logger - INFO - Event enqueued - Stage: ingest, Event ID: 1765068459518, Signal Type: sales_activity
2025-12-06 18:47:39,429 - pipeline.event_logger - INFO - Event enqueued - Stage: ingest, Event ID: 1765068459519, Signal Type: field_interaction
2025-12-06 18:47:39,429 - pipeline.event_logger - INFO - Event enqueued - Stage: ingest, Event ID: 1765068459520, Signal Type: market_signal
2025-12-06 18:47:39,429 - pipeline.event_logger - INFO - Event enqueued - Stage: ingest, Event ID: 1765068459521, Signal Type: sales_activity
2025-12-06 18:47:39,429 - pipeline.event_logger - INFO - Event enqueued - Stage: ingest, Event ID: 1765068459522, Signal Type: market_signal
2025-12-06 18:47:39,429 - pipeline.event_logger - INFO - Event enqueued - Stage: ingest, Event ID: 1765068459523, Signal Type: field_interaction
2025-12-06 18:47:39,429 - pipeline.event_logger - INFO - Event enqueued - Stage: ingest, Event ID: 1765068459524, Signal Type: sales_activity
2025-12-06 18:47:39,429 - pipeline.event_logger - INFO - Event enqueued - Stage: ingest, Event ID: 1765068459525, Signal Type: sales_activity
2025-12-06 18:47:39,429 - pipeline.event_logger - INFO - Event enqueued - Stage: ingest, Event ID: 1765068459526, Signal Type: field_interaction
2025-12-06 18:47:39,429 - pipeline.event_logger - INFO - Event enqueued - Stage: ingest, Event ID: 1765068459527, Signal Type: sales_activity
2025-12-06 18:47:39,429 - pipeline.event_logger - INFO - Event enqueued - Stage: ingest, Event ID: 1765068459528, Signal Type: sales_activity
2025-12-06 18:47:39,429 - pipeline.event_logger - INFO - Event enqueued - Stage: ingest, Event ID: 1765068459529, Signal Type: field_interaction
2025-12-06 18:47:39,429 - pipeline.event_logger - INFO - Event enqueued - Stage: ingest, Event ID: 1765068459530, Signal Type: market_signal
2025-12-06 18:47:39,429 - pipeline.event_logger - INFO - Event enqueued - Stage: ingest, Event ID: 1765068459531, Signal Type: field_interaction
2025-12-06 18:47:39,429 - pipeline.event_logger - INFO - Event enqueued - Stage: ingest, Event ID: 1765068459532, Signal Type: field_interaction
2025-12-06 18:47:39,429 - pipeline.event_logger - INFO - Event enqueued - Stage: ingest, Event ID: 1765068459533, Signal Type: sales_activity
2025-12-06 18:47:39,429 - pipeline.event_logger - INFO - Event enqueued - Stage: ingest, Event ID: 1765068459534, Signal Type: sales_activity
2025-12-06 18:47:39,429 - pipeline.event_logger - INFO - Event enqueued - Stage: ingest, Event ID: 1765068459535, Signal Type: market_signal
2025-12-06 18:47:39,429 - pipeline.event_logger - INFO - Event enqueued - Stage: ingest, Event ID: 1765068459536, Signal Type: market_signal
2025-12-06 18:47:39,429 - pipeline.event_logger - INFO - Event enqueued - Stage: ingest, Event ID: 1765068459537, Signal Type: field_interaction
2025-12-06 18:47:39,429 - pipeline.event_logger - INFO - Event enqueued - Stage: ingest, Event ID: 1765068459538, Signal Type: sales_activity
2025-12-06 18:47:39,429 - pipeline.event_logger - INFO - Event enqueued - Stage: ingest, Event ID: 1765068459539, Signal Type: sales_activity
2025-12-06 18:47:39,429 - pipeline.event_logger - INFO - Event enqueued - Stage: ingest, Event ID: 1765068459540, Signal Type: sales_activity
2025-12-06 18:47:39,429 - pipeline.event_logger - INFO - Event enqueued - Stage: ingest, Event ID: 1765068459541, Signal Type: sales_activity
2025-12-06 18:47:39,429 - pipeline.event_logger - INFO - Event enqueued - Stage: ingest, Event ID: 1765068459542, Signal Type: field_interaction
2025-12-06 18:47:39,429 - pipeline.event_logger - INFO - Event enqueued - Stage: ingest, Event ID: 1765068459543, Signal Type: field_interaction
2025-12-06 18:47:39,429 - pipeline.event_logger - INFO - Event enqueued - Stage: ingest, Event ID: 1765068459544, Signal Type: market_signal
2025-12-06 18:47:39,429 - pipeline.event_logger - INFO - Event enqueued - Stage: ingest, Event ID: 1765068459545, Signal Type: market_signal
2025-12-06 18:47:39,429 - pipeline.event_logger - INFO - Event enqueued - Stage: ingest, Event ID: 1765068459546, Signal Type: field_interaction
2025-12-06 18:47:39,429 - pipeline.event_logger - INFO - Event enqueued - Stage: ingest, Event ID: 1765068459547, Signal Type: sales_activity
2025-12-06 18:47:39,429 - pipeline.event_logger - INFO - Event processed - Stage: ingest, Event ID: 1765068459428, Signal Type: market_signal
2025-12-06 18:47:39,429 - pipeline.event_logger - INFO - Event processed - Stage: ingest, Event ID: 1765068459429, Signal Type: market_signal
2025-12-06 18:47:39,429 - pipeline.event_logger - INFO - Event processed - Stage: ingest, Event ID: 1765068459430, Signal Type: field_interaction
2025-12-06 18:47:39,429 - pipeline.event_logger - INFO - Event processed - Stage: ingest, Event ID: 1765068459431, Signal Type: sales_activity
2025-12-06 18:47:39,429 - pipeline.event_logger - INFO - Event processed - Stage: ingest, Event ID: 1765068459432, Signal Type: market_signal
2025-12-06 18:47:39,429 - pipeline.event_logger - INFO - Event processed - Stage: ingest, Event ID: 1765068459433, Signal Type: sales_activity
2025-12-06 18:47:39,429 - pipeline.event_logger - INFO - Event processed - Stage: ingest, Event ID: 1765068459434, Signal Type: market_signal
2025-12-06 18:47:39,429 - pipeline.event_logger - INFO - Event processed - Stage: ingest, Event ID: 1765068459435, Signal Type: sales_activity
2025-12-06 18:47:39,429 - pipeline.event_logger - INFO - Event processed - Stage: ingest, Event ID: 1765068459436, Signal Type: sales_activity
2025-12-06 18:47:39,429 - pipeline.event_logger - INFO - Event processed - Stage: ingest, Event ID: 1765068459437, Signal Type: sales_activity
2025-12-06 18:47:39,429 - pipeline.event_logger - INFO - Event processed - Stage: ingest, Event ID: 1765068459438, Signal Type: field_interaction
2025-12-06 18:47:39,429 - pipeline.event_logger - INFO - Event processed - Stage: ingest, Event ID: 1765068459439, Signal Type: field_interaction
2025-12-06 18:47:39,429 - pipeline.event_logger - INFO - Event processed - Stage: ingest, Event ID: 1765068459440, Signal Type: field_interaction
2025-12-06 18:47:39,429 - pipeline.event_logger - INFO - Event processed - Stage: ingest, Event ID: 1765068459441, Signal Type: field_interaction
2025-12-06 18:47:39,429 - pipeline.event_logger - INFO - Event processed - Stage: ingest, Event ID: 1765068459442, Signal Type: sales_activity
2025-12-06 18:47:39,429 - pipeline.event_logger - INFO - Event processed - Stage: ingest, Event ID: 1765068459443, Signal Type: market_signal
2025-12-06 18:47:39,429 - pipeline.event_logger - INFO - Event processed - Stage: ingest, Event ID: 1765068459444, Signal Type: field_interaction
2025-12-06 18:47:39,429 - pipeline.event_logger - INFO - Event processed - Stage: ingest, Event ID: 1765068459445, Signal Type: field_interaction
2025-12-06 18:47:39,429 - pipeline.event_logger - INFO - Event processed - Stage: ingest, Event ID: 1765068459446, Signal Type: sales_activity
2025-12-06 18:47:39,429 - pipeline.event_logger - INFO - Event processed - Stage: ingest, Event ID: 1765068459447, Signal Type: market_signal
2025-12-06 18:47:39,429 - pipeline.event_logger - INFO - Event processed - Stage: ingest, Event ID: 1765068459448, Signal Type: market_signal
2025-12-06 18:47:39,429 - pipeline.event_logger - INFO - Event processed - Stage: ingest, Event ID: 1765068459449, Signal Type: sales_activity
2025-12-06 18:47:39,429 - pipeline.event_logger - INFO - Event processed - Stage: ingest, Event ID: 1765068459450, Signal Type: field_interaction
2025-12-06 18:47:39,429 - pipeline.event_logger - INFO - Event processed - Stage: ingest, Event ID: 1765068459451, Signal Type: field_interaction
2025-12-06 18:47:39,429 - pipeline.event_logger - INFO - Event processed - Stage: ingest, Event ID: 1765068459452, Signal Type: field_interaction
2025-12-06 18:47:39,429 - pipeline.event_logger - INFO - Event processed - Stage: ingest, Event ID: 1765068459453, Signal Type: market_signal
2025-12-06 18:47:39,429 - pipeline.event_logger - INFO - Event processed - Stage: ingest, Event ID: 1765068459454, Signal Type: sales_activity
2025-12-06 18:47:39,429 - pipeline.event_logger - INFO - Event processed - Stage: ingest, Event ID: 1765068459455, Signal Type: sales_activity
2025-12-06 18:47:39,429 - pipeline.event_logger - INFO - Event processed - Stage: ingest, Event ID: 1765068459456, Signal Type: market_signal
2025-12-06 18:47:39,429 - pipeline.event_logger - INFO - Event processed - Stage: ingest, Event ID: 1765068459457, Signal Type: field_interaction
2025-12-06 18:47:39,429 - pipeline.event_logger - INFO - Event processed - Stage: ingest, Event ID: 1765068459458, Signal Type: market_signal
2025-12-06 18:47:39,429 - pipeline.event_logger - INFO - Event processed - Stage: ingest, Event ID: 1765068459459, Signal Type: market_signal
2025-12-06 18:47:39,429 - pipeline.event_logger - INFO - Event processed - Stage: ingest, Event ID: 1765068459460, Signal Type: field_interaction
2025-12-06 18:47:39,429 - pipeline.event_logger - INFO - Event processed - Stage: ingest, Event ID: 1765068459461, Signal Type: sales_activity
2025-12-06 18:47:39,429 - pipeline.event_logger - INFO - Event processed - Stage: ingest, Event ID: 1765068459462, Signal Type: sales_activity
2025-12-06 18:47:39,429 - pipeline.event_logger - INFO - Event processed - Stage: ingest, Event ID: 1765068459463, Signal Type: market_signal
2025-12-06 18:47:39,429 - pipeline.event_logger - INFO - Event processed - Stage: ingest, Event ID: 1765068459464, Signal Type: market_signal
2025-12-06 18:47:39,429 - pipeline.event_logger - INFO - Event processed - Stage: ingest, Event ID: 1765068459465, Signal Type: field_interaction
2025-12-06 18:47:39,429 - pipeline.event_logger - INFO - Event processed - Stage: ingest, Event ID: 1765068459466, Signal Type: field_interaction
2025-12-06 18:47:39,429 - pipeline.event_logger - INFO - Event processed - Stage: ingest, Event ID: 1765068459467, Signal Type: market_signal
2025-12-06 18:47:39,429 - pipeline.event_logger - INFO - Event processed - Stage: ingest, Event ID: 1765068459468, Signal Type: sales_activity
2025-12-06 18:47:39,429 - pipeline.event_logger - INFO - Event processed - Stage: ingest, Event ID: 1765068459469, Signal Type: market_signal
2025-12-06 18:47:39,429 - pipeline.event_logger - INFO - Event processed - Stage: ingest, Event ID: 1765068459470, Signal Type: sales_activity
2025-12-06 18:47:39,429 - pipeline.event_logger - INFO - Event processed - Stage: ingest, Event ID: 1765068459471, Signal Type: sales_activity
2025-12-06 18:47:39,429 - pipeline.event_logger - INFO - Event processed - Stage: ingest, Event ID: 1765068459472, Signal Type: field_interaction
2025-12-06 18:47:39,429 - pipeline.event_logger - INFO - Event processed - Stage: ingest, Event ID: 1765068459473, Signal Type: sales_activity
2025-12-06 18:47:39,429 - pipeline.event_logger - INFO - Event processed - Stage: ingest, Event ID: 1765068459474, Signal Type: sales_activity
2025-12-06 18:47:39,429 - pipeline.event_logger - INFO - Event processed - Stage: ingest, Event ID: 1765068459475, Signal Type: sales_activity
2025-12-06 18:47:39,429 - pipeline.event_logger - INFO - Event processed - Stage: ingest, Event ID: 1765068459476, Signal Type: sales_activity
2025-12-06 18:47:39,429 - pipeline.event_logger - INFO - Event processed - Stage: ingest, Event ID: 1765068459477, Signal Type: sales_activity
2025-12-06 18:47:39,429 - pipeline.event_logger - INFO - Event processed - Stage: ingest, Event ID: 1765068459478, Signal Type: field_interaction
2025-12-06 18:47:39,430 - pipeline.event_logger - INFO - Event processed - Stage: ingest, Event ID: 1765068459479, Signal Type: field_interaction
2025-12-06 18:47:39,430 - pipeline.event_logger - INFO - Event processed - Stage: ingest, Event ID: 1765068459480, Signal Type: market_signal
2025-12-06 18:47:39,430 - pipeline.event_logger - INFO - Event processed - Stage: ingest, Event ID: 1765068459481, Signal Type: sales_activity
2025-12-06 18:47:39,430 - pipeline.event_logger - INFO - Event processed - Stage: ingest, Event ID: 1765068459482, Signal Type: sales_activity
2025-12-06 18:47:39,430 - pipeline.event_logger - INFO - Event processed - Stage: ingest, Event ID: 1765068459483, Signal Type: sales_activity
2025-12-06 18:47:39,430 - pipeline.event_logger - INFO - Event processed - Stage: ingest, Event ID: 1765068459484, Signal Type: sales_activity
2025-12-06 18:47:39,430 - pipeline.event_logger - INFO - Event processed - Stage: ingest, Event ID: 1765068459485, Signal Type: sales_activity
2025-12-06 18:47:39,430 - pipeline.event_logger - INFO - Event processed - Stage: ingest, Event ID: 1765068459486, Signal Type: field_interaction
2025-12-06 18:47:39,430 - pipeline.event_logger - INFO - Event processed - Stage: ingest, Event ID: 1765068459487, Signal Type: market_signal
2025-12-06 18:47:39,430 - pipeline.event_logger - INFO - Event processed - Stage: ingest, Event ID: 1765068459488, Signal Type: sales_activity
2025-12-06 18:47:39,430 - pipeline.event_logger - INFO - Event processed - Stage: ingest, Event ID: 1765068459489, Signal Type: market_signal
2025-12-06 18:47:39,430 - pipeline.event_logger - INFO - Event processed - Stage: ingest, Event ID: 1765068459490, Signal Type: sales_activity
2025-12-06 18:47:39,430 - pipeline.event_logger - INFO - Event processed - Stage: ingest, Event ID: 1765068459491, Signal Type: sales_activity
2025-12-06 18:47:39,430 - pipeline.event_logger - INFO - Event processed - Stage: ingest, Event ID: 1765068459492, Signal Type: market_signal
2025-12-06 18:47:39,430 - pipeline.event_logger - INFO - Event processed - Stage: ingest, Event ID: 1765068459493, Signal Type: field_interaction
2025-12-06 18:47:39,430 - pipeline.event_logger - INFO - Event processed - Stage: ingest, Event ID: 1765068459494, Signal Type: field_interaction
2025-12-06 18:47:39,430 - pipeline.event_logger - INFO - Event processed - Stage: ingest, Event ID: 1765068459495, Signal Type: sales_activity
2025-12-06 18:47:39,430 - pipeline.event_logger - INFO - Event processed - Stage: ingest, Event ID: 1765068459496, Signal Type: sales_activity
2025-12-06 18:47:39,430 - pipeline.event_logger - INFO - Event processed - Stage: ingest, Event ID: 1765068459497, Signal Type: sales_activity
2025-12-06 18:47:39,430 - pipeline.event_logger - INFO - Event processed - Stage: ingest, Event ID: 1765068459498, Signal Type: field_interaction
2025-12-06 18:47:39,430 - pipeline.event_logger - INFO - Event processed - Stage: ingest, Event ID: 1765068459499, Signal Type: market_signal
2025-12-06 18:47:39,430 - pipeline.event_logger - INFO - Event processed - Stage: ingest, Event ID: 1765068459500, Signal Type: market_signal
2025-12-06 18:47:39,430 - pipeline.event_logger - INFO - Event processed - Stage: ingest, Event ID: 1765068459501, Signal Type: market_signal
2025-12-06 18:47:39,430 - pipeline.event_logger - INFO - Event processed - Stage: ingest, Event ID: 1765068459502, Signal Type: sales_activity
2025-12-06 18:47:39,430 - pipeline.event_logger - INFO - Event processed - Stage: ingest, Event ID: 1765068459503, Signal Type: market_signal
2025-12-06 18:47:39,430 - pipeline.event_logger - INFO - Event processed - Stage: ingest, Event ID: 1765068459504, Signal Type: field_interaction
2025-12-06 18:47:39,430 - pipeline.event_logger - INFO - Event processed - Stage: ingest, Event ID: 1765068459505, Signal Type: sales_activity
2025-12-06 18:47:39,430 - pipeline.event_logger - INFO - Event processed - Stage: ingest, Event ID: 1765068459506, Signal Type: sales_activity
2025-12-06 18:47:39,430 - pipeline.event_logger - INFO - Event processed - Stage: ingest, Event ID: 1765068459507, Signal Type: sales_activity
2025-12-06 18:47:39,430 - pipeline.event_logger - INFO - Event processed - Stage: ingest, Event ID: 1765068459508, Signal Type: sales_activity
2025-12-06 18:47:39,430 - pipeline.event_logger - INFO - Event processed - Stage: ingest, Event ID: 1765068459509, Signal Type: sales_activity
2025-12-06 18:47:39,430 - pipeline.event_logger - INFO - Event processed - Stage: ingest, Event ID: 1765068459510, Signal Type: market_signal
2025-12-06 18:47:39,430 - pipeline.event_logger - INFO - Event processed - Stage: ingest, Event ID: 1765068459511, Signal Type: market_signal
2025-12-06 18:47:39,430 - pipeline.event_logger - INFO - Event processed - Stage: ingest, Event ID: 1765068459512, Signal Type: field_interaction
2025-12-06 18:47:39,430 - pipeline.event_logger - INFO - Event processed - Stage: ingest, Event ID: 1765068459513, Signal Type: sales_activity
2025-12-06 18:47:39,430 - pipeline.event_logger - INFO - Event processed - Stage: ingest, Event ID: 1765068459514, Signal Type: market_signal
2025-12-06 18:47:39,430 - pipeline.event_logger - INFO - Event processed - Stage: ingest, Event ID: 1765068459515, Signal Type: market_signal
2025-12-06 18:47:39,430 - pipeline.event_logger - INFO - Event processed - Stage: ingest, Event ID: 1765068459516, Signal Type: market_signal
2025-12-06 18:47:39,430 - pipeline.event_logger - INFO - Event processed - Stage: ingest, Event ID: 1765068459517, Signal Type: field_interaction
2025-12-06 18:47:39,430 - pipeline.event_logger - INFO - Event processed - Stage: ingest, Event ID: 1765068459518, Signal Type: sales_activity
2025-12-06 18:47:39,430 - pipeline.event_logger - INFO - Event processed - Stage: ingest, Event ID: 1765068459519, Signal Type: field_interaction
2025-12-06 18:47:39,430 - pipeline.event_logger - INFO - Event processed - Stage: ingest, Event ID: 1765068459520, Signal Type: market_signal
2025-12-06 18:47:39,430 - pipeline.event_logger - INFO - Event processed - Stage: ingest, Event ID: 1765068459521, Signal Type: sales_activity
2025-12-06 18:47:39,430 - pipeline.event_logger - INFO - Event processed - Stage: ingest, Event ID: 1765068459522, Signal Type: market_signal
2025-12-06 18:47:39,430 - pipeline.event_logger - INFO - Event processed - Stage: ingest, Event ID: 1765068459523, Signal Type: field_interaction
2025-12-06 18:47:39,430 - pipeline.event_logger - INFO - Event processed - Stage: ingest, Event ID: 1765068459524, Signal Type: sales_activity
2025-12-06 18:47:39,430 - pipeline.event_logger - INFO - Event processed - Stage: ingest, Event ID: 1765068459525, Signal Type: sales_activity
2025-12-06 18:47:39,430 - pipeline.event_logger - INFO - Event processed - Stage: ingest, Event ID: 1765068459526, Signal Type: field_interaction
2025-12-06 18:47:39,430 - pipeline.event_logger - INFO - Event processed - Stage: ingest, Event ID: 1765068459527, Signal Type: sales_activity
